MPASM  5.51                      SIGESIGE.ASM   6-5-2024  9:11:26         PAGE  1


LOC  OBJECT CODE     LINE SOURCE TEXT
  VALUE

                      00001     #include <p16f877A.inc>
                      00001         LIST
                      00002 
                      00003 ;==========================================================================
                      00004 ;  MPASM PIC16F877A processor include
                      00005 ; 
                      00006 ;  (c) Copyright 1999-2013 Microchip Technology, All rights reserved
                      00007 ;==========================================================================
                      00008 
                      00566         LIST
                      00002 
                      00003     ; Define registers
Warning[207]: Found label after column 1. (MYREG)
  00000008            00004     MYREG EQU 0x08
Warning[207]: Found label after column 1. (MYREG2)
  00000018            00005     MYREG2 EQU 0x18
Warning[207]: Found label after column 1. (MYREG3)
  00000036            00006     MYREG3 EQU 0x36
                      00007 
                      00008     ; Configuration
2007   3FB2           00009     __CONFIG _CP_OFF & _WDT_OFF & _BODEN_OFF & _PWRTE_ON & _HS_OSC
                      00010 
                      00011     ; Start of the program
0000                  00012     ORG 0x00
0000                  00013 start
0000   1683           00014     bsf STATUS, RP0    ; Bank 1
Message[302]: Register in operand not in bank 0.  Ensure that bank bits are correct.
0001   0187           00015     clrf TRISC         ; Set TRISC to all outputs
Message[302]: Register in operand not in bank 0.  Ensure that bank bits are correct.
0002   0188           00016     clrf TRISD         ; Set TRISD to all outputs
0003   1283           00017     bcf STATUS, RP0    ; Bank 0
0004   0187           00018     clrf PORTC         ; Clear PORTC
0005   0188           00019     clrf PORTD         ; Clear PORTD
0006   3001           00020     movlw 0x01
0007   00B6           00021     movwf MYREG3       ; Initialize MYREG3 with 0x01
                      00022 
0008                  00023 check
0008   1D07           00024     btfss PORTC, 2
0009   2829           00025     goto off
000A   2814           00026     goto rotate_led
                      00027 
000B                  00028 check1
000B   1D07           00029     btfss PORTC, 2
000C   282C           00030     goto off1
000D   281C           00031     goto rotate_ledR
                      00032 
000E                  00033 check2
000E   1D07           00034     btfss PORTC, 2
000F   2831           00035     goto off2
0010   2824           00036     goto on
                      00037 
0011                  00038 check3
0011   1D07           00039     btfss PORTC, 2
MPASM  5.51                      SIGESIGE.ASM   6-5-2024  9:11:26         PAGE  2


LOC  OBJECT CODE     LINE SOURCE TEXT
  VALUE

0012   2836           00040     goto off3
0013   283B           00041     goto off4
                      00042 
0014                  00043 rotate_led
0014   2040           00044     call delay0
0015   2040           00045     call delay0
0016   0DB6           00046     rlf MYREG3, F      ; Rotate left MYREG3
0017   0836           00047     movf MYREG3, W
0018   0088           00048     movwf PORTD
0019   1D07           00049     btfss PORTC, 2
001A   280B           00050     goto check1
001B   2808           00051     goto check
                      00052 
001C                  00053 rotate_ledR
001C   2040           00054     call delay0
001D   2040           00055     call delay0
001E   0CB6           00056     rrf MYREG3, F      ; Rotate right MYREG3
001F   0836           00057     movf MYREG3, W
0020   0088           00058     movwf PORTD
0021   1D07           00059     btfss PORTC, 2
0022   280E           00060     goto check2
0023   280B           00061     goto check1
                      00062 
0024                  00063 on
0024   30FF           00064     movlw 0xFF
0025   0088           00065     movwf PORTD        ; Set all bits of PORTD
0026   1D07           00066     btfss PORTC, 2
0027   2811           00067     goto check3
0028   280E           00068     goto check2
                      00069 
0029                  00070 off
0029   0188           00071     clrf PORTD         ; Clear PORTD
002A   2040           00072     call delay0
002B   2808           00073     goto check
                      00074 
002C                  00075 off1
002C   0188           00076     clrf PORTD
002D   2040           00077     call delay0
002E   1D07           00078     btfss PORTC, 2
002F   282C           00079     goto off1
0030   280B           00080     goto check1
                      00081 
0031                  00082 off2
0031   0188           00083     clrf PORTD
0032   2040           00084     call delay0
0033   1D07           00085     btfss PORTC, 2
0034   2831           00086     goto off2
0035   280E           00087     goto check2
                      00088 
0036                  00089 off3
0036   0188           00090     clrf PORTD
0037   2040           00091     call delay0
0038   1D07           00092     btfss PORTC, 2
MPASM  5.51                      SIGESIGE.ASM   6-5-2024  9:11:26         PAGE  3


LOC  OBJECT CODE     LINE SOURCE TEXT
  VALUE

0039   2836           00093     goto off3
003A   2811           00094     goto check3
                      00095 
003B                  00096 off4
003B   0188           00097     clrf PORTD
003C   2040           00098     call delay0
003D   1D07           00099     btfss PORTC, 2
003E   2808           00100     goto check
003F   2811           00101     goto check3
                      00102 
0040                  00103 delay0
0040   30FF           00104     movlw 0xFF
0041   0098           00105     movwf MYREG2
0042                  00106 again0
0042   2046           00107     call delay
0043   0B98           00108     decfsz MYREG2, F
0044   2842           00109     goto again0
0045   0008           00110     return
                      00111 
0046                  00112 delay
0046   30FF           00113     movlw 0xFF
0047   0088           00114     movwf MYREG
0048                  00115 again
0048   0000           00116     nop
0049   0000           00117     nop
004A   0B88           00118     decfsz MYREG, F
004B   2848           00119     goto again
004C   0008           00120     return
                      00121 
                      00122     END
MPASM  5.51                      SIGESIGE.ASM   6-5-2024  9:11:26         PAGE  4


SYMBOL TABLE
  LABEL                             VALUE 

ACKDT                             00000005
ACKEN                             00000004
ACKSTAT                           00000006
ADCON0                            0000001F
ADCON1                            0000009F
ADCS0                             00000006
ADCS1                             00000007
ADCS2                             00000006
ADDEN                             00000003
ADFM                              00000007
ADIE                              00000006
ADIF                              00000006
ADON                              00000000
ADRESH                            0000001E
ADRESL                            0000009E
BCLIE                             00000003
BCLIF                             00000003
BF                                00000000
BRGH                              00000002
C                                 00000000
C1INV                             00000004
C1OUT                             00000006
C2INV                             00000005
C2OUT                             00000007
CCP1CON                           00000017
CCP1IE                            00000002
CCP1IF                            00000002
CCP1M0                            00000000
CCP1M1                            00000001
CCP1M2                            00000002
CCP1M3                            00000003
CCP1X                             00000005
CCP1Y                             00000004
CCP2CON                           0000001D
CCP2IE                            00000000
CCP2IF                            00000000
CCP2M0                            00000000
CCP2M1                            00000001
CCP2M2                            00000002
CCP2M3                            00000003
CCP2X                             00000005
CCP2Y                             00000004
CCPR1                             00000015
CCPR1H                            00000016
CCPR1L                            00000015
CCPR2                             0000001B
CCPR2H                            0000001C
CCPR2L                            0000001B
CHS0                              00000003
CHS1                              00000004
CHS2                              00000005
CIS                               00000003
CKE                               00000006
MPASM  5.51                      SIGESIGE.ASM   6-5-2024  9:11:26         PAGE  5


SYMBOL TABLE
  LABEL                             VALUE 

CKP                               00000004
CM0                               00000000
CM1                               00000001
CM2                               00000002
CMCON                             0000009C
CMIE                              00000006
CMIF                              00000006
CREN                              00000004
CSRC                              00000007
CVR0                              00000000
CVR1                              00000001
CVR2                              00000002
CVR3                              00000003
CVRCON                            0000009D
CVREN                             00000007
CVROE                             00000006
CVRR                              00000005
D                                 00000005
DATA_ADDRESS                      00000005
DC                                00000001
D_A                               00000005
D_NOT_A                           00000005
EEADR                             0000010D
EEADRH                            0000010F
EECON1                            0000018C
EECON2                            0000018D
EEDATA                            0000010C
EEDATH                            0000010E
EEIE                              00000004
EEIF                              00000004
EEPGD                             00000007
F                                 00000001
FERR                              00000002
FSR                               00000004
GCEN                              00000007
GIE                               00000007
GO                                00000002
GO_DONE                           00000002
GO_NOT_DONE                       00000002
I2C_DATA                          00000005
I2C_READ                          00000002
I2C_START                         00000003
I2C_STOP                          00000004
IBF                               00000007
IBOV                              00000005
INDF                              00000000
INTCON                            0000000B
INTE                              00000004
INTEDG                            00000006
INTF                              00000001
IRP                               00000007
MYREG                             00000008
MYREG2                            00000018
MPASM  5.51                      SIGESIGE.ASM   6-5-2024  9:11:26         PAGE  6


SYMBOL TABLE
  LABEL                             VALUE 

MYREG3                            00000036
NOT_A                             00000005
NOT_ADDRESS                       00000005
NOT_BO                            00000000
NOT_BOR                           00000000
NOT_DONE                          00000002
NOT_PD                            00000003
NOT_POR                           00000001
NOT_RBPU                          00000007
NOT_RC8                           00000006
NOT_T1SYNC                        00000002
NOT_TO                            00000004
NOT_TX8                           00000006
NOT_W                             00000002
NOT_WRITE                         00000002
OBF                               00000006
OERR                              00000001
OPTION_REG                        00000081
P                                 00000004
PCFG0                             00000000
PCFG1                             00000001
PCFG2                             00000002
PCFG3                             00000003
PCL                               00000002
PCLATH                            0000000A
PCON                              0000008E
PEIE                              00000006
PEN                               00000002
PIE1                              0000008C
PIE2                              0000008D
PIR1                              0000000C
PIR2                              0000000D
PORTA                             00000005
PORTB                             00000006
PORTC                             00000007
PORTD                             00000008
PORTE                             00000009
PR2                               00000092
PS0                               00000000
PS1                               00000001
PS2                               00000002
PSA                               00000003
PSPIE                             00000007
PSPIF                             00000007
PSPMODE                           00000004
R                                 00000002
RA0                               00000000
RA1                               00000001
RA2                               00000002
RA3                               00000003
RA4                               00000004
RA5                               00000005
RB0                               00000000
MPASM  5.51                      SIGESIGE.ASM   6-5-2024  9:11:26         PAGE  7


SYMBOL TABLE
  LABEL                             VALUE 

RB1                               00000001
RB2                               00000002
RB3                               00000003
RB4                               00000004
RB5                               00000005
RB6                               00000006
RB7                               00000007
RBIE                              00000003
RBIF                              00000000
RC0                               00000000
RC1                               00000001
RC2                               00000002
RC3                               00000003
RC4                               00000004
RC5                               00000005
RC6                               00000006
RC7                               00000007
RC8_9                             00000006
RC9                               00000006
RCD8                              00000000
RCEN                              00000003
RCIE                              00000005
RCIF                              00000005
RCREG                             0000001A
RCSTA                             00000018
RD                                00000000
RD0                               00000000
RD1                               00000001
RD2                               00000002
RD3                               00000003
RD4                               00000004
RD5                               00000005
RD6                               00000006
RD7                               00000007
RE0                               00000000
RE1                               00000001
RE2                               00000002
READ_WRITE                        00000002
RP0                               00000005
RP1                               00000006
RSEN                              00000001
RX9                               00000006
RX9D                              00000000
R_NOT_W                           00000002
R_W                               00000002
S                                 00000003
SEN                               00000000
SMP                               00000007
SPBRG                             00000099
SPEN                              00000007
SREN                              00000005
SSPADD                            00000093
SSPBUF                            00000013
MPASM  5.51                      SIGESIGE.ASM   6-5-2024  9:11:26         PAGE  8


SYMBOL TABLE
  LABEL                             VALUE 

SSPCON                            00000014
SSPCON2                           00000091
SSPEN                             00000005
SSPIE                             00000003
SSPIF                             00000003
SSPM0                             00000000
SSPM1                             00000001
SSPM2                             00000002
SSPM3                             00000003
SSPOV                             00000006
SSPSTAT                           00000094
STATUS                            00000003
SYNC                              00000004
T0CS                              00000005
T0IE                              00000005
T0IF                              00000002
T0SE                              00000004
T1CKPS0                           00000004
T1CKPS1                           00000005
T1CON                             00000010
T1INSYNC                          00000002
T1OSCEN                           00000003
T1SYNC                            00000002
T2CKPS0                           00000000
T2CKPS1                           00000001
T2CON                             00000012
TMR0                              00000001
TMR0IE                            00000005
TMR0IF                            00000002
TMR1                              0000000E
TMR1CS                            00000001
TMR1H                             0000000F
TMR1IE                            00000000
TMR1IF                            00000000
TMR1L                             0000000E
TMR1ON                            00000000
TMR2                              00000011
TMR2IE                            00000001
TMR2IF                            00000001
TMR2ON                            00000002
TOUTPS0                           00000003
TOUTPS1                           00000004
TOUTPS2                           00000005
TOUTPS3                           00000006
TRISA                             00000085
TRISA0                            00000000
TRISA1                            00000001
TRISA2                            00000002
TRISA3                            00000003
TRISA4                            00000004
TRISA5                            00000005
TRISB                             00000086
TRISB0                            00000000
MPASM  5.51                      SIGESIGE.ASM   6-5-2024  9:11:26         PAGE  9


SYMBOL TABLE
  LABEL                             VALUE 

TRISB1                            00000001
TRISB2                            00000002
TRISB3                            00000003
TRISB4                            00000004
TRISB5                            00000005
TRISB6                            00000006
TRISB7                            00000007
TRISC                             00000087
TRISC0                            00000000
TRISC1                            00000001
TRISC2                            00000002
TRISC3                            00000003
TRISC4                            00000004
TRISC5                            00000005
TRISC6                            00000006
TRISC7                            00000007
TRISD                             00000088
TRISD0                            00000000
TRISD1                            00000001
TRISD2                            00000002
TRISD3                            00000003
TRISD4                            00000004
TRISD5                            00000005
TRISD6                            00000006
TRISD7                            00000007
TRISE                             00000089
TRISE0                            00000000
TRISE1                            00000001
TRISE2                            00000002
TRMT                              00000001
TX8_9                             00000006
TX9                               00000006
TX9D                              00000000
TXD8                              00000000
TXEN                              00000005
TXIE                              00000004
TXIF                              00000004
TXREG                             00000019
TXSTA                             00000098
UA                                00000001
W                                 00000000
WCOL                              00000007
WR                                00000001
WREN                              00000002
WRERR                             00000003
Z                                 00000002
_BODEN_OFF                        00003FBF
_BODEN_ON                         00003FFF
_BOREN_OFF                        00003FBF
_BOREN_ON                         00003FFF
_CONFIG                           00002007
_CPD_OFF                          00003FFF
_CPD_ON                           00003EFF
MPASM  5.51                      SIGESIGE.ASM   6-5-2024  9:11:26         PAGE 10


SYMBOL TABLE
  LABEL                             VALUE 

_CP_ALL                           00001FFF
_CP_OFF                           00003FFF
_CP_ON                            00001FFF
_DEBUG_OFF                        00003FFF
_DEBUG_ON                         000037FF
_DEVID1                           00002006
_FOSC_EXTRC                       00003FFF
_FOSC_HS                          00003FFE
_FOSC_LP                          00003FFC
_FOSC_XT                          00003FFD
_HS_OSC                           00003FFE
_IDLOC0                           00002000
_IDLOC1                           00002001
_IDLOC2                           00002002
_IDLOC3                           00002003
_LP_OSC                           00003FFC
_LVP_OFF                          00003F7F
_LVP_ON                           00003FFF
_PWRTE_OFF                        00003FFF
_PWRTE_ON                         00003FF7
_RC_OSC                           00003FFF
_WDTE_OFF                         00003FFB
_WDTE_ON                          00003FFF
_WDT_OFF                          00003FFB
_WDT_ON                           00003FFF
_WRT_1FOURTH                      00003BFF
_WRT_256                          00003DFF
_WRT_HALF                         000039FF
_WRT_OFF                          00003FFF
_XT_OSC                           00003FFD
__16F877A                         00000001
__DEBUG                           1
again                             00000048
again0                            00000042
check                             00000008
check1                            0000000B
check2                            0000000E
check3                            00000011
delay                             00000046
delay0                            00000040
off                               00000029
off1                              0000002C
off2                              00000031
off3                              00000036
off4                              0000003B
on                                00000024
rotate_led                        00000014
rotate_ledR                       0000001C
start                             00000000
MPASM  5.51                      SIGESIGE.ASM   6-5-2024  9:11:26         PAGE 11


MEMORY USAGE MAP ('X' = Used,  '-' = Unused)


0000 : XXXXXXXXXXXXXXXX XXXXXXXXXXXXXXXX XXXXXXXXXXXXXXXX XXXXXXXXXXXXXXXX
0040 : XXXXXXXXXXXXX--- ---------------- ---------------- ----------------
2000 : -------X-------- ---------------- ---------------- ----------------

All other memory blocks unused.

Program Memory Words Used:    77
Program Memory Words Free:  8115


Errors   :     0
Warnings :     3 reported,     0 suppressed
Messages :     2 reported,     0 suppressed

